0 0 0
100 0 0.5000000000000003
200 7.17293608693129e-37 1.000000000000001
300 2.123689420168816e-33 1.49999999999999
400 7.577066844016207e-31 1.999999999999979
500 1.145513158636768e-28 2.499999999999969
600 1.249782348120817e-25 2.999999999999958
700 6.40179494139704e-23 3.499999999999948
800 1.85826948559476e-20 3.999999999999937
900 1.757646966856367e-17 4.499999999999926
1000 1.406273067558386e-14 4.999999999999916
1100 5.160232050688274e-12 5.499999999999905
1200 4.850611579065855e-10 5.999999999999894
1300 1.890848366770115e-08 6.499999999999884
1400 9.70917972153984e-06 6.999999999999873
1500 0.001614799490198493 7.499999999999862
1600 0.1845360547304153 7.999999999999852
1700 7.800320148468018 8.499999999999929
1800 32.62078475952148 9.000000000000007
1900 105.3795013427734 9.500000000000085
2000 397.4556274414062 10.00000000000016
2100 561.72216796875 10.50000000000024
2200 670.18505859375 11.00000000000032
2300 722.5031127929688 11.5000000000004
2400 712.3641357421875 12.00000000000048
2500 628.8336791992188 12.50000000000055
2600 505.7748107910156 13.00000000000063
2700 476.0701904296875 13.50000000000071
2800 445.6869812011719 14.00000000000079
2900 407.258056640625 14.50000000000087
3000 435.968505859375 15.00000000000095
3100 501.9185791015625 15.50000000000102
3200 537.3618774414062 16.0000000000011
3300 549.9869384765625 16.500000000001
3400 573.8336181640625 17.0000000000009
3500 585.705078125 17.5000000000008
3600 586.7235717773438 18.0000000000007
3700 580.0668334960938 18.5000000000006
3800 571.7657470703125 19.0000000000005
3900 559.3132934570312 19.50000000000041
4000 579.1939086914062 20.00000000000031
4100 1476.189086914062 20.50000000000021
4200 3368.21630859375 21.00000000000011
4300 4344.62451171875 21.50000000000001
4400 5225.52783203125 21.99999999999991
4500 5441.32080078125 22.49999999999981
4600 5217.41845703125 22.99999999999971
4700 4879.5068359375 23.49999999999961
4800 4562.45166015625 23.99999999999951
4900 4323.0615234375 24.49999999999941
5000 4024.182373046875 24.99999999999931
5100 3757.1533203125 25.49999999999921
5200 3348.738037109375 25.99999999999911
5300 2831.718017578125 26.49999999999901
5400 2268.840087890625 26.99999999999891
5500 2012.728393554688 27.49999999999881
5600 1933.576904296875 27.99999999999871
5700 1718.5 28.49999999999861
5800 1606.94580078125 28.99999999999851
5900 1494.7578125 29.49999999999842
6000 1365.109985351562 29.99999999999832
6100 1281.4775390625 30.49999999999822
6200 1241.132202148438 30.99999999999812
6300 1209.062622070312 31.49999999999802
6398 1195.710327148438 32.00128472523724
6500 1165.036499023438 32.50192227524439
6602 1127.250244140625 33.00262383061796
6693 1076.155151367188 33.50081501062097
6788 1017.613098144531 34.00030280634576
6888 948.0293579101562 34.50409895915607
6991 949.982666015625 35.0018584432671
7098 952.1808471679688 35.49993266759224
7209 948.6885986328125 36.00024053299209
7323 940.5831909179688 36.50053793522466
7440 928.5581665039062 37.00301965749946
7558 913.8702392578125 37.5013585381756
7678 894.8250122070312 38.0021287801236
7799 880.23486328125 38.50323714274463
7911 871.1113891601562 39.00061665109097
8023 862.3035278320312 39.50049685709164
8135 851.2557983398438 40
