0 0 0
100 0 0.5000000000000003
200 0 1.000000000000001
300 0 1.49999999999999
400 0 1.999999999999979
500 0 2.499999999999969
600 0 2.999999999999958
700 0 3.499999999999948
800 0 3.999999999999937
900 0 4.499999999999926
1000 0 4.999999999999916
1100 0 5.499999999999905
1200 0 5.999999999999894
1300 0 6.499999999999884
1400 0 6.999999999999873
1500 0 7.499999999999862
1600 2.767324564744421e-38 7.999999999999852
1700 1.084893324622808e-35 8.499999999999929
1800 2.712244013262181e-33 9.000000000000007
1900 4.96868672714044e-31 9.500000000000085
2000 8.104253622523834e-29 10.00000000000016
2100 1.145802977389625e-26 10.50000000000024
2200 1.226666184451803e-24 11.00000000000032
2300 4.267957620992667e-22 11.5000000000004
2400 1.732159629668199e-19 12.00000000000048
2500 4.432177651485707e-17 12.50000000000055
2600 7.982753591180905e-15 13.00000000000063
2700 1.371984882474198e-12 13.50000000000071
2800 1.770658175637152e-09 14.00000000000079
2900 0.000105497325421311 14.50000000000087
3000 0.2511278986930847 15.00000000000095
3100 5.551116466522217 15.50000000000102
3200 34.99269104003906 16.0000000000011
3300 122.5431137084961 16.500000000001
3400 275.6434631347656 17.0000000000009
3500 532.7462158203125 17.5000000000008
3600 1147.888916015625 18.0000000000007
3700 4120.447265625 18.5000000000006
3800 8718.642578125 19.0000000000005
3900 14675.732421875 19.50000000000041
4000 20098.853515625 20.00000000000031
4100 24124.62109375 20.50000000000021
4200 27011.322265625 21.00000000000011
4300 28931.54296875 21.50000000000001
4400 30037.796875 21.99999999999991
4500 30553.26171875 22.49999999999981
4600 30735.822265625 22.99999999999971
4700 31178.95703125 23.49999999999961
4800 31299.814453125 23.99999999999951
4900 31139.951171875 24.49999999999941
5000 30829.0703125 24.99999999999931
5100 30400.845703125 25.49999999999921
5200 30032.189453125 25.99999999999911
5300 29713.0078125 26.49999999999901
5400 29529.0625 26.99999999999891
5500 29275.86328125 27.49999999999881
5600 29143.01953125 27.99999999999871
5700 28956.08984375 28.49999999999861
5800 28759.197265625 28.99999999999851
5900 28508.548828125 29.49999999999842
6000 28387.134765625 29.99999999999832
6100 28224.546875 30.49999999999822
6200 28088.173828125 30.99999999999812
6300 27970.779296875 31.49999999999802
6398 27777.52734375 32.00128472523724
6500 27580.521484375 32.50192227524439
6602 27448.025390625 33.00262383061796
6693 27355.681640625 33.50081501062097
6788 27218.486328125 34.00030280634576
6888 27132.9375 34.50409895915607
6991 27039.642578125 35.0018584432671
7098 26962.580078125 35.49993266759224
7209 26863.888671875 36.00024053299209
7323 26755.35546875 36.50053793522466
7440 26689.15234375 37.00301965749946
7558 26682.779296875 37.5013585381756
7678 26702.212890625 38.0021287801236
7799 26719.90625 38.50323714274463
7911 26723.84375 39.00061665109097
8023 26717.798828125 39.50049685709164
8135 26713.140625 40
