0 0 0
167 0 0.5010000000000003
334 6.910332940194972e-37 1.002000000000001
500 1.49240824681916e-33 1.499999999999983
667 4.818120944380167e-31 2.000999999999965
834 5.219651709091926e-26 2.501999999999984
1000 2.079393531531006e-19 3.000000000000003
1167 1.204265916279079e-13 3.501000000000022
1334 6.378665177816432e-09 4.002000000000041
1500 0.0002028046146259692 4.50000000000006
1667 0.2199929620284615 5.001000000000078
1834 3.575705895712503 5.502000000000097
2000 19.94013336507233 6.000000000000116
2167 16.05844043053228 6.501000000000135
2334 10.65529375177493 7.002000000000154
2500 9.091492067772608 7.500000000000173
2667 5.647553963784097 8.001000000000191
2834 4.965885083316486 8.50200000000021
3000 4.222589599956931 9.000000000000229
3167 3.676835684819144 9.501000000000248
3334 3.169826412696858 10.00200000000027
3500 2.742536839008133 10.50000000000029
3667 2.57562735092283 11.0010000000003
3834 4.411746144835561 11.50200000000032
4000 21.78598740233091 12.00000000000034
4167 78.42155748290824 12.50100000000036
4334 129.3977078816123 13.00200000000038
4500 85.36349976992821 13.5000000000004
4667 50.16589817323451 14.00100000000042
4834 39.37736774913711 14.50200000000044
5000 41.87984815469778 15.00000000000046
5167 56.17860270371212 15.50100000000048
5334 45.17795446223779 16.00200000000049
5500 44.01327880376501 16.50000000000051
5667 55.45181836732903 17.00100000000053
5834 64.37886899912606 17.50200000000055
6000 68.37159986774309 18.00000000000057
6167 70.01560520008255 18.50100000000059
6334 70.38397462828448 19.00200000000061
6500 69.99342216888891 19.50000000000063
6667 69.10969367864067 20.00100000000064
6834 67.64652667996717 20.50200000000066
7000 65.78791531245466 21.00000000000068
7167 63.67410547943565 21.5010000000007
7334 61.39672440138394 22.00200000000072
7500 59.13759054297105 22.50000000000074
7667 56.9597037789343 23.00100000000076
7834 54.74888627262467 23.50200000000078
8000 52.59169877345347 24.0000000000008
8167 50.44376950915667 24.50100000000081
8304 48.44947868854393 25.00000000000078
8404 46.28244559250608 25.50000000000068
8504 44.19773649191573 26.00000000000058
8604 42.3290539295999 26.50000000000048
8704 40.45957212906563 27.00000000000038
8804 38.64755943015602 27.50000000000028
8904 36.8499046883686 28.00000000000018
9004 35.06420980228829 28.50000000000009
9104 33.31678066804082 28.99999999999999
9204 31.72517950857216 29.49999999999989
9304 30.20861718151574 29.99999999999979
9404 28.62532491834537 30.49999999999969
9504 26.97547609551792 30.99999999999959
9604 25.28405278726477 31.49999999999949
9704 23.55799466055361 31.99999999999939
9804 21.83467340388699 32.49999999999964
9904 20.26360750220223 32.9999999999999
9954 18.83191944663842 33.4999999999998
10004 17.48966001538796 33.9999999999997
10054 16.21495628539794 34.4999999999996
10104 15.07349190171422 34.9999999999995
10154 13.9837179047019 35.4999999999994
10204 12.96788074114641 35.9999999999993
10254 12.02698370683743 36.4999999999992
10304 11.19749118009853 36.9999999999991
10343 10.49042291417283 37.49999999999908
10368 9.799674464920713 37.99999999999916
10393 9.197658292012433 38.49999999999924
10418 8.660851705151593 38.99999999999932
10443 8.173612234351157 39.4999999999994
10468 7.739269872059832 39.99999999999947
