0 0 0
167 0 0.5010000000000003
334 5.416217661101229e-37 1.002000000000001
500 1.823775077196963e-33 1.499999999999983
667 7.526739699077841e-31 2.000999999999965
834 1.062896639071851e-25 2.501999999999984
1000 2.80201228647744e-19 3.000000000000003
1167 2.31943804440693e-13 3.501000000000022
1334 6.275500563646119e-09 4.002000000000041
1500 0.0005227689980529249 4.50000000000006
1667 5.939189910888672 5.001000000000078
1834 94.98387908935547 5.502000000000097
2000 644.2029418945312 6.000000000000116
2167 995.0060424804688 6.501000000000135
2334 1201.189697265625 7.002000000000154
2500 1829.179443359375 7.500000000000173
2667 2028.138305664062 8.001000000000191
2834 2204.546875 8.50200000000021
3000 2915.052490234375 9.000000000000229
3167 3475.524169921875 9.501000000000248
3334 3779.738037109375 10.00200000000027
3500 3665.930908203125 10.50000000000029
3667 3508.515869140625 11.0010000000003
3834 3069.8154296875 11.50200000000032
4000 2825.556640625 12.00000000000034
4167 3404.758544921875 12.50100000000036
4334 4756.8974609375 13.00200000000038
4500 5439.3330078125 13.5000000000004
4667 5166.95166015625 14.00100000000042
4834 5148.14794921875 14.50200000000044
5000 6663.64306640625 15.00000000000046
5167 7846.85595703125 15.50100000000048
5334 8399.9560546875 16.00200000000049
5500 9282.5205078125 16.50000000000051
5667 10688.8173828125 17.00100000000053
5834 11257.228515625 17.50200000000055
6000 11167.2333984375 18.00000000000057
6167 10786.16796875 18.50100000000059
6334 11193.3154296875 19.00200000000061
6500 11798.50390625 19.50000000000063
6667 12231.0302734375 20.00100000000064
6834 12471.0732421875 20.50200000000066
7000 12543.4560546875 21.00000000000068
7167 12503.7294921875 21.5010000000007
7334 12377.2421875 22.00200000000072
7500 12256.0703125 22.50000000000074
7667 12080.30859375 23.00100000000076
7834 11871.474609375 23.50200000000078
8000 11673.259765625 24.0000000000008
8167 11427.0673828125 24.50100000000081
8304 11165.6025390625 25.00000000000078
8404 10952.5693359375 25.50000000000068
8504 10828.611328125 26.00000000000058
8604 10663.3017578125 26.50000000000048
8704 10414.0849609375 27.00000000000038
8804 10249.5 27.50000000000028
8904 10120.658203125 28.00000000000018
9004 9990.7587890625 28.50000000000009
9104 10031.255859375 28.99999999999999
9204 10019.7392578125 29.49999999999989
9304 9975.884765625 29.99999999999979
9404 9889.54296875 30.49999999999969
9504 9771.787109375 30.99999999999959
9604 9628.2744140625 31.49999999999949
9704 9461.560546875 31.99999999999939
9804 9271.0888671875 32.49999999999964
9904 9025.7666015625 32.9999999999999
9954 8858.7724609375 33.4999999999998
10004 8673.8701171875 33.9999999999997
10054 8475.060546875 34.4999999999996
10104 8383.916015625 34.9999999999995
10154 8226.84375 35.4999999999994
10204 7987.3271484375 35.9999999999993
10254 7668.2880859375 36.4999999999992
10304 7413.03857421875 36.9999999999991
10343 7221.13818359375 37.49999999999908
10368 6938.64892578125 37.99999999999916
10393 6663.11865234375 38.49999999999924
10418 6307.90771484375 38.99999999999932
10443 5874.15966796875 39.4999999999994
10468 5483.72900390625 39.99999999999947
