0 0 0
167 3.452653846602735e-93 0.5010000000000003
334 4.865555158795075e-85 1.002000000000001
500 1.696223678600613e-79 1.499999999999983
667 3.825914605566629e-75 2.000999999999965
834 1.570285161800609e-71 2.501999999999984
1000 1.395730910095514e-67 3.000000000000003
1167 1.320460206989151e-61 3.501000000000022
1334 2.235273990892275e-55 4.002000000000041
1500 9.033148540520528e-49 4.50000000000006
1667 5.048159472673335e-43 5.001000000000078
1834 5.33185391408343e-38 5.502000000000097
2000 7.032038461377487e-33 6.000000000000116
2167 6.161988467630719e-27 6.501000000000135
2334 1.263182745769452e-21 7.002000000000154
2500 1.4205885557163e-16 7.500000000000173
2667 5.921412926849038e-09 8.001000000000191
2834 0.0004133240187381795 8.50200000000021
3000 0.1097441918185404 9.000000000000229
3167 2.057122002401428 9.501000000000248
3334 37.9397410538509 10.00200000000027
3500 336.1461330516032 10.50000000000029
3667 1160.459654975806 11.0010000000003
3834 2376.201207995123 11.50200000000032
4000 3715.096058498155 12.00000000000034
4167 4935.302473743899 12.50100000000036
4334 5884.303665104981 13.00200000000038
4500 6563.809163871691 13.5000000000004
4667 7057.362515049454 14.00100000000042
4834 7419.343149264307 14.50200000000044
5000 7688.068641713969 15.00000000000046
5167 7898.041877987943 15.50100000000048
5334 8069.521621605023 16.00200000000049
5500 8216.83768161674 16.50000000000051
5667 8351.228404163683 17.00100000000053
5834 8475.89616569017 17.50200000000055
6000 8591.067384331554 18.00000000000057
6167 8698.060309529645 18.50100000000059
6334 8795.903277157839 19.00200000000061
6500 8885.108275090162 19.50000000000063
6667 8967.856514435918 20.00100000000064
6834 9043.980990205333 20.50200000000066
7000 9113.192504447408 21.00000000000068
7167 9176.048390351005 21.5010000000007
7334 9230.99688536356 22.00200000000072
7500 9276.269411814637 22.50000000000074
7667 9309.764576740141 23.00100000000076
7834 9328.615399983861 23.50200000000078
8000 9330.605177698231 24.0000000000008
8167 9314.178355169992 24.50100000000081
8304 9278.359295100014 25.00000000000078
8404 9222.373155990395 25.50000000000068
8504 9146.301648713657 26.00000000000058
8604 9050.141875869858 26.50000000000048
8704 8934.412506531713 27.00000000000038
8804 8800.512991217616 27.50000000000028
8904 8650.659771937861 28.00000000000018
9004 8487.024572588858 28.50000000000009
9104 8311.924289630375 28.99999999999999
9204 8127.353187109286 29.49999999999989
9304 7935.354894128773 29.99999999999979
9404 7738.264481211506 30.49999999999969
9504 7538.269218499824 30.99999999999959
9604 7337.091227510662 31.49999999999949
9704 7136.182592193318 31.99999999999939
9804 6936.82151184013 32.49999999999964
9904 6740.166729246695 32.9999999999999
9954 6546.682753336127 33.4999999999998
10004 6357.44684889885 33.9999999999997
10054 6173.142640935195 34.4999999999996
10104 5994.058589970335 34.9999999999995
10154 5820.336821366486 35.4999999999994
10204 5652.105335394008 35.9999999999993
10254 5489.47031248706 36.4999999999992
10304 5332.48977656354 36.9999999999991
10343 5181.104429741576 37.49999999999908
10368 5035.203504482292 37.99999999999916
10393 4895.141086860596 38.49999999999924
10418 4760.905331549236 38.99999999999932
10443 4632.264985181057 39.4999999999994
10468 4508.977240179752 39.99999999999947

