0 0 0
167 0 0.5010000000000003
334 0 1.002000000000001
500 0 1.499999999999983
667 0 2.000999999999965
834 0 2.501999999999984
1000 0 3.000000000000003
1167 0 3.501000000000022
1334 0 4.002000000000041
1500 0 4.50000000000006
1667 0 5.001000000000078
1834 4.526351510787659e-36 5.502000000000097
2000 1.453816099930593e-30 6.000000000000116
2167 1.858043495196578e-24 6.501000000000135
2334 2.407985422303391e-19 7.002000000000154
2500 3.87590828468673e-14 7.500000000000173
2667 2.453854302702406e-06 8.001000000000191
2834 0.03555813365585515 8.50200000000021
3000 2.491401457151136 9.000000000000229
3167 23.53544822265286 9.501000000000248
3334 200.5369542170741 10.00200000000027
3500 744.8680713404763 10.50000000000029
3667 1280.084796992987 11.0010000000003
3834 1601.905826431906 11.50200000000032
4000 1832.239555507967 12.00000000000034
4167 1966.880879278007 12.50100000000036
4334 2008.454052902637 13.00200000000038
4500 1980.492547541622 13.5000000000004
4667 1908.532302630206 14.00100000000042
4834 1808.17483599722 14.50200000000044
5000 1696.354482583822 15.00000000000046
5167 1584.820554212116 15.50100000000048
5334 1477.154716597757 16.00200000000049
5500 1375.695674672605 16.50000000000051
5667 1280.129756203316 17.00100000000053
5834 1190.84447333873 17.50200000000055
6000 1110.096613279769 18.00000000000057
6167 1034.085843169574 18.50100000000059
6334 975.6349868667819 19.00200000000061
6500 925.3968503556774 19.50000000000063
6667 878.2866225067135 20.00100000000064
6834 835.7447870483095 20.50200000000066
7000 796.3652335429497 21.00000000000068
7167 758.5987621086479 21.5010000000007
7334 721.8145797729208 22.00200000000072
7500 686.4343918977411 22.50000000000074
7667 651.5881219533267 23.00100000000076
7834 618.7308718959747 23.50200000000078
8000 587.0898906066833 24.0000000000008
8167 556.6240730572467 24.50100000000081
8304 527.9465001325989 25.00000000000078
8404 500.0171717476391 25.50000000000068
8504 473.4563459199564 26.00000000000058
8604 448.0744989330403 26.50000000000048
8704 424.1728991825416 27.00000000000038
8804 402.0608515553065 27.50000000000028
8904 381.3370465564528 28.00000000000018
9004 362.2271386924388 28.50000000000009
9104 344.5043101932519 28.99999999999999
9204 328.1903410563282 29.49999999999989
9304 313.0946245389241 29.99999999999979
9404 299.0248138035952 30.49999999999969
9504 286.0962817376417 30.99999999999959
9604 274.4056198069338 31.49999999999949
9704 264.1658921586565 31.99999999999939
9804 255.4930014326119 32.49999999999964
9904 247.4515459691338 32.9999999999999
9954 239.2313871434616 33.4999999999998
10004 232.2006536470385 33.9999999999997
10054 225.6651824185356 34.4999999999996
10104 219.6222752732048 34.9999999999995
10154 213.8330937569349 35.4999999999994
10204 208.346277327243 35.9999999999993
10254 203.0835540525179 36.4999999999992
10304 198.1305790109134 36.9999999999991
10343 193.8123893614094 37.49999999999908
10368 189.3304876040418 37.99999999999916
10393 185.2082500845902 38.49999999999924
10418 181.5274772080418 38.99999999999932
10443 177.9209994218063 39.4999999999994
10468 174.4404786854592 39.99999999999947
