0 0 0
167 0 0.5010000000000003
334 0 1.002000000000001
500 0 1.499999999999983
667 0 2.000999999999965
834 0 2.501999999999984
1000 0 3.000000000000003
1167 0 3.501000000000022
1334 0 4.002000000000041
1500 0 4.50000000000006
1667 0 5.001000000000078
1834 2.719734047452204e-35 5.502000000000097
2000 2.407855356755435e-30 6.000000000000116
2167 2.29898877456872e-24 6.501000000000135
2334 4.038846859566995e-19 7.002000000000154
2500 2.058214675895644e-14 7.500000000000173
2667 1.883093091237242e-06 8.001000000000191
2834 0.09445936232805252 8.50200000000021
3000 17.69416809082031 9.000000000000229
3167 720.3583374023438 9.501000000000248
3334 4482.59765625 10.00200000000027
3500 16821.28125 10.50000000000029
3667 29694.73828125 11.0010000000003
3834 35408.65234375 11.50200000000032
4000 36793.0390625 12.00000000000034
4167 37658.79296875 12.50100000000036
4334 37815.109375 13.00200000000038
4500 37435.53515625 13.5000000000004
4667 37072.5234375 14.00100000000042
4834 36491.52734375 14.50200000000044
5000 35667.265625 15.00000000000046
5167 34655.515625 15.50100000000048
5334 33519.5859375 16.00200000000049
5500 32321.650390625 16.50000000000051
5667 31108.3125 17.00100000000053
5834 30200.8046875 17.50200000000055
6000 30111.705078125 18.00000000000057
6167 30056.19140625 18.50100000000059
6334 29934.197265625 19.00200000000061
6500 29848.189453125 19.50000000000063
6667 29738.912109375 20.00100000000064
6834 29607.98046875 20.50200000000066
7000 29473.546875 21.00000000000068
7167 29317.384765625 21.5010000000007
7334 29141.0859375 22.00200000000072
7500 28904.548828125 22.50000000000074
7667 28767.802734375 23.00100000000076
7834 28532.263671875 23.50200000000078
8000 28358.900390625 24.0000000000008
8167 28152.22265625 24.50100000000081
8304 27941.443359375 25.00000000000078
8404 27715.994140625 25.50000000000068
8504 27342.474609375 26.00000000000058
8604 26908.47265625 26.50000000000048
8704 26295.630859375 27.00000000000038
8804 25698.931640625 27.50000000000028
8904 25156.658203125 28.00000000000018
9004 24722.818359375 28.50000000000009
9104 24462.205078125 28.99999999999999
9204 24241.2734375 29.49999999999989
9304 24049.9140625 29.99999999999979
9404 23842.232421875 30.49999999999969
9504 23582.7109375 30.99999999999959
9604 23349.583984375 31.49999999999949
9704 22978.033203125 31.99999999999939
9804 22624.65234375 32.49999999999964
9904 22321.8125 32.9999999999999
9954 22184.05859375 33.4999999999998
10004 22057.921875 33.9999999999997
10054 21929.8671875 34.4999999999996
10104 21753.490234375 34.9999999999995
10154 21663.74609375 35.4999999999994
10204 21528.87890625 35.9999999999993
10254 21409.548828125 36.4999999999992
10304 21251.03125 36.9999999999991
10343 21163.396484375 37.49999999999908
10368 21070.0859375 37.99999999999916
10393 20933.03125 38.49999999999924
10418 20749.5625 38.99999999999932
10443 20618.482421875 39.4999999999994
10468 20481.29296875 39.99999999999947
