0 0 0
100 0 0.5000000000000003
200 7.679253696476641e-37 1.000000000000001
367 2.234072931485836e-33 1.500999999999983
534 8.385423746223572e-31 2.001999999999965
774 1.28098832967668e-25 2.500999999999918
1024 3.221170676329293e-17 3.000999999999863
1274 1.595204968118935e-09 3.500999999999808
1524 0.08298694342374802 4.000999999999753
1774 108.785514831543 4.500999999999698
2024 1005.690673828125 5.000999999999643
2274 1778.104125976562 5.500999999999588
2524 1763.076904296875 6.000999999999533
2774 1552.59521484375 6.500999999999478
3024 1364.578125 7.000999999999423
3274 2076.739990234375 7.500999999999368
3524 2384.74462890625 8.000999999999314
3774 2332.19189453125 8.500999999999481
4024 2183.196533203125 9.000999999999648
4274 1980.787231445312 9.500999999999815
4524 1719.275512695312 10.00099999999998
4774 1643.566650390625 10.50100000000015
5024 3465.876708984375 11.00100000000032
5274 3804.11962890625 11.50100000000048
5524 3557.73193359375 12.00100000000065
5774 2999.39501953125 12.50100000000082
6024 2586.384033203125 13.00100000000098
6274 2355.140380859375 13.50100000000115
6472 2559.986572265625 14.00100000000123
6639 2684.916015625 14.50200000000124
6764 2775.906982421875 15.0030000000013
6864 2846.43408203125 15.50300000000138
6964 2912.317626953125 16.00300000000146
7064 3033.236083984375 16.50300000000136
7164 3245.243896484375 17.00300000000126
7264 4909.51904296875 17.50300000000116
7364 6667.64404296875 18.00300000000106
7464 8042.783203125 18.50300000000096
7564 9176.0537109375 19.00300000000086
7664 10217.8291015625 19.50300000000076
7764 11032.5234375 20.00300000000066
7839 11584.224609375 20.50300250000068
7914 11921.978515625 21.0030050000007
7964 12146.6484375 21.49967170000077
8014 12249.4716796875 21.99967170000085
8064 12266.330078125 22.49967170000093
8114 12225.361328125 22.99967170000101
8164 12148.3251953125 23.49967170000109
8214 12050.2578125 23.99967170000117
8264 11938.3515625 24.49967170000124
8314 11820.501953125 24.99967170000132
8364 11703.537109375 25.4996717000014
8414 11592.296875 25.99967170000148
8464 11479.697265625 26.49967170000156
8514 11334.4580078125 26.99967170000163
8564 11284.2109375 27.49967170000171
8614 11078.232421875 27.99967170000179
8664 10773.45703125 28.49967170000187
8714 10556.0263671875 28.99967170000195
8764 10240.0126953125 29.49967170000203
8814 10046.8828125 29.9996717000021
8864 9734.6708984375 30.49967170000218
8900 9417.005859375 31.00967170000221
8925 9248.7958984375 31.5096717000022
8950 9026.2685546875 32.00967170000219
8975 8745.4873046875 32.50967170000227
9000 8413.642578125 33.00967170000234
9025 8208.5869140625 33.50967170000242
9050 7997.09033203125 34.0096717000025
9075 7837.4365234375 34.50967170000258
9100 7670.6455078125 35.00967170000266
9125 7454.13623046875 35.50967170000273
9150 7183.52197265625 36.00967170000281
9175 6857.61669921875 36.50967170000289
9200 6570.5576171875 37.00967170000297
9225 6310.9287109375 37.50967170000305
9250 6041.61083984375 38.00967170000312
9275 5760.572265625 38.5096717000032
9300 5466.4306640625 39.00967170000328
9325 5173.23095703125 39.50967170000336
9350 4886.72607421875 40.00007170000343
