0 0 0
100 7.076187361103872e-45 0.5000000000000003
200 3.805695103401515e-39 1.000000000000001
367 1.355541808645947e-35 1.500999999999983
534 6.347821200667272e-33 2.001999999999965
774 4.646427640900465e-28 2.500999999999918
1024 4.229494050939227e-20 3.000999999999863
1274 5.257603599564053e-12 3.500999999999808
1524 7.291164028475843e-05 4.000999999999753
1774 0.2111992888589724 4.500999999999698
2024 8.87100829981094 5.000999999999643
2274 21.56535093718988 5.500999999999588
2524 22.68963999040358 6.000999999999533
2774 22.60033799743868 6.500999999999478
3024 23.64978687298679 7.000999999999423
3274 25.13266951830836 7.500999999999368
3524 26.33980290512192 8.000999999999314
3774 27.11802898093292 8.500999999999481
4024 27.54749038449443 9.000999999999648
4274 27.81029869741669 9.500999999999815
4524 28.38899827903505 10.00099999999998
4774 32.98805233784551 10.50100000000015
5024 78.64567074946201 11.00100000000032
5274 119.7447172284226 11.50100000000048
5524 113.8273896790927 12.00100000000065
5774 96.08987822197241 12.50100000000082
6024 84.66788472959837 13.00100000000098
6274 79.61410287144089 13.50100000000115
6472 78.42758348706035 14.00100000000123
6639 79.51450422037547 14.50200000000124
6764 82.09103442761695 15.0030000000013
6864 85.81587796986537 15.50300000000138
6964 90.76673770554524 16.00300000000146
7064 97.06090039873344 16.50300000000136
7164 105.1569104864433 17.00300000000126
7264 115.7022409547911 17.50300000000116
7364 129.1026738782702 18.00300000000106
7464 144.9705197016467 18.50300000000096
7564 161.9176202230187 19.00300000000086
7664 178.4891856126861 19.50300000000076
7764 193.8135533330727 20.00300000000066
7839 207.3777051799346 20.50300250000068
7914 219.0232671839052 21.0030050000007
7964 228.6284814955828 21.49967170000077
8014 236.3969202437977 21.99967170000085
8064 242.4234466191808 22.49967170000093
8114 246.8640993717404 22.99967170000101
8164 249.8597168491763 23.49967170000109
8214 251.6334747057721 23.99967170000117
8264 252.3450744491761 24.49967170000124
8314 252.2115240460329 24.99967170000132
8364 251.44536033257 25.4996717000014
8414 250.104654399791 25.99967170000148
8464 248.2044051663525 26.49967170000156
8514 245.7389879822814 26.99967170000163
8564 242.6733185549399 27.49967170000171
8614 238.9972312139729 27.99967170000179
8664 234.6841455675948 28.49967170000187
8714 229.7201045201489 28.99967170000195
8764 224.1445050537999 29.49967170000203
8814 218.0278869867032 29.9996717000021
8864 211.4437168324901 30.49967170000218
8900 204.3158613581194 31.00967170000221
8925 197.0083045630693 31.5096717000022
8950 189.4629160348273 32.00967170000219
8975 181.7545251270752 32.50967170000227
9000 173.9529278572786 33.00967170000234
9025 166.1072226084817 33.50967170000242
9050 158.267846468494 34.0096717000025
9075 150.474455924133 34.50967170000258
9100 142.7664680324215 35.00967170000266
9125 135.183728667306 35.50967170000273
9150 127.7577067131977 36.00967170000281
9175 120.5126935722578 36.50967170000289
9200 113.4788647712282 37.00967170000297
9225 106.6764645576433 37.50967170000305
9250 100.1247378825903 38.00967170000312
9275 93.84407083853533 38.5096717000032
9300 87.85082732586956 39.00967170000328
9325 82.15755857075081 39.50967170000336
9350 76.87190493201669 40.00007170000343
