0 0 0
100 1.111301052043167e-92 0.5000000000000003
200 1.134482351438336e-84 1.000000000000001
367 2.922497753140107e-79 1.500999999999983
534 5.532622463503656e-75 2.001999999999965
774 1.974127096638259e-71 2.500999999999918
1024 3.108804512599951e-67 3.000999999999863
1274 1.837877373673877e-58 3.500999999999808
1524 2.971784322026809e-48 4.000999999999753
1774 6.826672891132334e-40 4.500999999999698
2024 6.281815710348444e-31 5.000999999999643
2274 9.126517460252539e-23 5.500999999999588
2524 2.337220520663331e-16 6.000999999999533
2774 2.878051904687323e-09 6.500999999999478
3024 0.0004143446176295414 7.000999999999423
3274 0.2011810343802709 7.500999999999368
3524 8.122807177246617 8.000999999999314
3774 365.2359033334669 8.500999999999481
4024 2070.103973149038 9.000999999999648
4274 4261.760002316519 9.500999999999815
4524 6145.423232886523 10.00099999999998
4774 7368.701408794673 10.50100000000015
5024 8057.630188868817 11.00100000000032
5274 8432.657315189221 11.50100000000048
5524 8633.894062405281 12.00100000000065
5774 8744.955252102092 12.50100000000082
6024 8814.705630347516 13.00100000000098
6274 8866.964242458911 13.50100000000115
6472 8912.795750141126 14.00100000000123
6639 8954.410950283042 14.50200000000124
6764 8994.32769478244 15.0030000000013
6864 9038.087644609392 15.50300000000138
6964 9088.246995016889 16.00300000000146
7064 9145.402538127853 16.50300000000136
7164 9209.703259590266 17.00300000000126
7264 9281.206435603599 17.50300000000116
7364 9359.646114782447 18.00300000000106
7464 9443.548465833723 18.50300000000096
7564 9531.400210796974 19.00300000000086
7664 9620.329844599539 19.50300000000076
7764 9707.35278700987 20.00300000000066
7839 9789.704888865346 20.50300250000068
7914 9865.09590071361 21.0030050000007
7964 9930.014736513562 21.49967170000077
8014 9983.403740802174 21.99967170000085
8064 10023.42942639677 22.49967170000093
8114 10048.36757936046 22.99967170000101
8164 10056.79101062853 23.49967170000109
8214 10047.81221193642 23.99967170000117
8264 10020.96310313846 24.49967170000124
8314 9976.066969813501 24.99967170000132
8364 9913.705936002871 25.4996717000014
8414 9835.175231536112 25.99967170000148
8464 9741.943967442738 26.49967170000156
8514 9635.500881873962 26.99967170000163
8564 9517.136460883539 27.49967170000171
8614 9388.096355251106 27.99967170000179
8664 9249.913611057491 28.49967170000187
8714 9104.353711334834 28.99967170000195
8764 8952.868607014176 29.49967170000203
8814 8796.655180543865 29.9996717000021
8864 8636.667337319939 30.49967170000218
8900 8469.814224078236 31.00967170000221
8925 8303.044406433533 31.5096717000022
8950 8134.621384613815 32.00967170000219
8975 7965.292526963042 32.50967170000227
9000 7795.553465087203 33.00967170000234
9025 7625.77241447073 33.50967170000242
9050 7456.34516534365 34.0096717000025
9075 7287.667581436253 34.50967170000258
9100 7120.150743725161 35.00967170000266
9125 6954.192473868779 35.50967170000273
9150 6790.076733872523 36.00967170000281
9175 6628.002150484785 36.50967170000289
9200 6468.183826951954 37.00967170000297
9225 6310.848522254704 37.50967170000305
9250 6156.17514860535 38.00967170000312
9275 6004.482924649724 38.5096717000032
9300 5856.316868496351 39.00967170000328
9325 5712.349237332532 39.50967170000336
9350 5575.77962489978 40.00007170000343
