0 0 0
100 0 0.5000000000000003
200 0 1.000000000000001
367 0 1.500999999999983
534 0 2.001999999999965
774 0 2.500999999999918
1024 0 3.000999999999863
1274 0 3.500999999999808
1524 0 4.000999999999753
1774 2.492737552270799e-37 4.500999999999698
2024 2.034873542068903e-28 5.000999999999643
2274 2.764567500357783e-20 5.500999999999588
2524 4.315205961655244e-14 6.000999999999533
2774 9.883412985800533e-07 6.500999999999478
3024 0.09564589709043503 7.000999999999423
3274 38.99258804321289 7.500999999999368
3524 1598.801879882812 8.000999999999314
3774 19371.140625 8.500999999999481
4024 34339.18359375 9.000999999999648
4274 40447.4375 9.500999999999815
4524 45633.17578125 10.00099999999998
4774 46151.96484375 10.50100000000015
5024 45389.58984375 11.00100000000032
5274 43231.16015625 11.50100000000048
5524 40403.18359375 12.00100000000065
5774 37379.4609375 12.50100000000082
6024 34580.05859375 13.00100000000098
6274 32109.919921875 13.50100000000115
6472 29951.884765625 14.00100000000123
6639 28078.142578125 14.50200000000124
6764 27428.873046875 15.0030000000013
6864 27494.896484375 15.50300000000138
6964 27566.275390625 16.00300000000146
7064 27544.27734375 16.50300000000136
7164 27506.931640625 17.00300000000126
7264 27393.345703125 17.50300000000116
7364 27324.19921875 18.00300000000106
7464 27197.94921875 18.50300000000096
7564 27094.03515625 19.00300000000086
7664 27726.30859375 19.50300000000076
7764 28038.41015625 20.00300000000066
7839 28080.14453125 20.50300250000068
7914 27798.802734375 21.0030050000007
7964 27420.78125 21.49967170000077
8014 26776.1875 21.99967170000085
8064 26013.748046875 22.49967170000093
8114 25319.328125 22.99967170000101
8164 24988.734375 23.49967170000109
8214 24733.181640625 23.99967170000117
8264 24594.78125 24.49967170000124
8314 24631.72265625 24.99967170000132
8364 24635.82421875 25.4996717000014
8414 24610.443359375 25.99967170000148
8464 24583.232421875 26.49967170000156
8514 24555.80078125 26.99967170000163
8564 24505.26953125 27.49967170000171
8614 24446.435546875 27.99967170000179
8664 24371.318359375 28.49967170000187
8714 24277.962890625 28.99967170000195
8764 24157.7578125 29.49967170000203
8814 24005.015625 29.9996717000021
8864 23885.541015625 30.49967170000218
8900 23727.162109375 31.00967170000221
8925 23526.44140625 31.5096717000022
8950 23381.583984375 32.00967170000219
8975 23309.904296875 32.50967170000227
9000 23218.984375 33.00967170000234
9025 23093.931640625 33.50967170000242
9050 22933.20703125 34.0096717000025
9075 22736.3828125 34.50967170000258
9100 22514.154296875 35.00967170000266
9125 22302.529296875 35.50967170000273
9150 22169.171875 36.00967170000281
9175 22066.39453125 36.50967170000289
9200 21779.419921875 37.00967170000297
9225 21457.056640625 37.50967170000305
9250 21262.775390625 38.00967170000312
9275 20998.4921875 38.5096717000032
9300 20780.65625 39.00967170000328
9325 20618.58984375 39.50967170000336
9350 20461.37109375 40.00007170000343
